<?xml version="1.0" encoding="UTF-8"?>
<!-- Generated by org.testng.reporters.JUnitXMLReporter -->
<testsuite ignored="0" hostname="DESKTOP-N3LRL61" failures="0" tests="4" name="Default test" time="11.934" errors="0" timestamp="2026-02-14T16:58:42 IST">
  <testcase classname="api_tests.Booking_module_Test" name="create_Booking_Test" time="4.849"/>
  <testcase classname="api_tests.Booking_module_Test" name="get_Booking_Test" time="1.516"/>
  <testcase classname="api_tests.Booking_module_Test" name="Update_Booking_Test" time="2.487"/>
  <testcase classname="api_tests.Booking_module_Test" name="Delete_Booking_Test" time="2.335"/>
</testsuite> <!-- Default test -->
