<?xml version="1.0" encoding="UTF-8"?>
<testng-results ignored="0" total="4" passed="4" failed="0" skipped="0">
  <reporter-output>
  </reporter-output>
  <suite started-at="2026-02-14T16:58:30 IST" name="Default suite" finished-at="2026-02-14T16:58:42 IST" duration-ms="11934">
    <groups>
    </groups>
    <test started-at="2026-02-14T16:58:30 IST" name="Default test" finished-at="2026-02-14T16:58:42 IST" duration-ms="11934">
      <class name="api_tests.Booking_module_Test">
        <test-method is-config="true" signature="SetUp()[pri:0, instance:api_tests.Booking_module_Test@4686afc2]" started-at="2026-02-14T16:58:30 IST" name="SetUp" finished-at="2026-02-14T16:58:31 IST" duration-ms="681" status="PASS">
          <reporter-output>
          </reporter-output>
        </test-method> <!-- SetUp -->
        <test-method signature="create_Booking_Test()[pri:1, instance:api_tests.Booking_module_Test@4686afc2]" started-at="2026-02-14T16:58:31 IST" name="create_Booking_Test" finished-at="2026-02-14T16:58:36 IST" duration-ms="4849" status="PASS">
          <reporter-output>
          </reporter-output>
        </test-method> <!-- create_Booking_Test -->
        <test-method signature="get_Booking_Test()[pri:2, instance:api_tests.Booking_module_Test@4686afc2]" started-at="2026-02-14T16:58:36 IST" name="get_Booking_Test" finished-at="2026-02-14T16:58:37 IST" duration-ms="1516" status="PASS">
          <reporter-output>
          </reporter-output>
        </test-method> <!-- get_Booking_Test -->
        <test-method signature="Update_Booking_Test()[pri:3, instance:api_tests.Booking_module_Test@4686afc2]" started-at="2026-02-14T16:58:37 IST" name="Update_Booking_Test" finished-at="2026-02-14T16:58:40 IST" duration-ms="2487" status="PASS">
          <reporter-output>
          </reporter-output>
        </test-method> <!-- Update_Booking_Test -->
        <test-method signature="Delete_Booking_Test()[pri:4, instance:api_tests.Booking_module_Test@4686afc2]" started-at="2026-02-14T16:58:40 IST" name="Delete_Booking_Test" finished-at="2026-02-14T16:58:42 IST" duration-ms="2335" status="PASS">
          <reporter-output>
          </reporter-output>
        </test-method> <!-- Delete_Booking_Test -->
      </class> <!-- api_tests.Booking_module_Test -->
    </test> <!-- Default test -->
  </suite> <!-- Default suite -->
</testng-results>
